<?xml version="1.0" encoding="UTF-8"?>
<testsuite xmlns:xsi="http://www.w3.org/2001/XMLSchema-instance" xsi:noNamespaceSchemaLocation="https://maven.apache.org/surefire/maven-surefire-plugin/xsd/surefire-test-report.xsd" name="com.pactera.weather.WeatherApplicationTests" time="4.998" tests="1" errors="0" skipped="0" failures="0">
  <properties>
    <property name="sun.desktop" value="windows"/>
    <property name="awt.toolkit" value="sun.awt.windows.WToolkit"/>
    <property name="file.encoding.pkg" value="sun.io"/>
    <property name="java.specification.version" value="1.8"/>
    <property name="sun.cpu.isalist" value="amd64"/>
    <property name="sun.jnu.encoding" value="GBK"/>
    <property name="java.class.path" value="D:\workSpace\weather\target\test-classes;D:\workSpace\weather\target\classes;C:\Users\15104\.m2\maven-repository\org\springframework\boot\spring-boot-starter-web\2.5.3\spring-boot-starter-web-2.5.3.jar;C:\Users\15104\.m2\maven-repository\org\springframework\boot\spring-boot-starter\2.5.3\spring-boot-starter-2.5.3.jar;C:\Users\15104\.m2\maven-repository\org\springframework\boot\spring-boot\2.5.3\spring-boot-2.5.3.jar;C:\Users\15104\.m2\maven-repository\org\springframework\boot\spring-boot-autoconfigure\2.5.3\spring-boot-autoconfigure-2.5.3.jar;C:\Users\15104\.m2\maven-repository\org\springframework\boot\spring-boot-starter-logging\2.5.3\spring-boot-starter-logging-2.5.3.jar;C:\Users\15104\.m2\maven-repository\org\apache\logging\log4j\log4j-to-slf4j\2.14.1\log4j-to-slf4j-2.14.1.jar;C:\Users\15104\.m2\maven-repository\org\apache\logging\log4j\log4j-api\2.14.1\log4j-api-2.14.1.jar;C:\Users\15104\.m2\maven-repository\org\slf4j\jul-to-slf4j\1.7.32\jul-to-slf4j-1.7.32.jar;C:\Users\15104\.m2\maven-repository\jakarta\annotation\jakarta.annotation-api\1.3.5\jakarta.annotation-api-1.3.5.jar;C:\Users\15104\.m2\maven-repository\org\yaml\snakeyaml\1.28\snakeyaml-1.28.jar;C:\Users\15104\.m2\maven-repository\org\springframework\boot\spring-boot-starter-json\2.5.3\spring-boot-starter-json-2.5.3.jar;C:\Users\15104\.m2\maven-repository\com\fasterxml\jackson\datatype\jackson-datatype-jdk8\2.12.4\jackson-datatype-jdk8-2.12.4.jar;C:\Users\15104\.m2\maven-repository\com\fasterxml\jackson\datatype\jackson-datatype-jsr310\2.12.4\jackson-datatype-jsr310-2.12.4.jar;C:\Users\15104\.m2\maven-repository\com\fasterxml\jackson\module\jackson-module-parameter-names\2.12.4\jackson-module-parameter-names-2.12.4.jar;C:\Users\15104\.m2\maven-repository\org\springframework\boot\spring-boot-starter-tomcat\2.5.3\spring-boot-starter-tomcat-2.5.3.jar;C:\Users\15104\.m2\maven-repository\org\apache\tomcat\embed\tomcat-embed-websocket\9.0.50\tomcat-embed-websocket-9.0.50.jar;C:\Users\15104\.m2\maven-repository\org\springframework\spring-webmvc\5.3.9\spring-webmvc-5.3.9.jar;C:\Users\15104\.m2\maven-repository\org\springframework\spring-aop\5.3.9\spring-aop-5.3.9.jar;C:\Users\15104\.m2\maven-repository\org\springframework\spring-context\5.3.9\spring-context-5.3.9.jar;C:\Users\15104\.m2\maven-repository\org\springframework\spring-expression\5.3.9\spring-expression-5.3.9.jar;C:\Users\15104\.m2\maven-repository\org\springframework\boot\spring-boot-starter-test\2.5.3\spring-boot-starter-test-2.5.3.jar;C:\Users\15104\.m2\maven-repository\org\springframework\boot\spring-boot-test\2.5.3\spring-boot-test-2.5.3.jar;C:\Users\15104\.m2\maven-repository\org\springframework\boot\spring-boot-test-autoconfigure\2.5.3\spring-boot-test-autoconfigure-2.5.3.jar;C:\Users\15104\.m2\maven-repository\com\jayway\jsonpath\json-path\2.5.0\json-path-2.5.0.jar;C:\Users\15104\.m2\maven-repository\net\minidev\json-smart\2.4.7\json-smart-2.4.7.jar;C:\Users\15104\.m2\maven-repository\net\minidev\accessors-smart\2.4.7\accessors-smart-2.4.7.jar;C:\Users\15104\.m2\maven-repository\org\ow2\asm\asm\9.1\asm-9.1.jar;C:\Users\15104\.m2\maven-repository\org\slf4j\slf4j-api\1.7.32\slf4j-api-1.7.32.jar;C:\Users\15104\.m2\maven-repository\jakarta\xml\bind\jakarta.xml.bind-api\2.3.3\jakarta.xml.bind-api-2.3.3.jar;C:\Users\15104\.m2\maven-repository\jakarta\activation\jakarta.activation-api\1.2.2\jakarta.activation-api-1.2.2.jar;C:\Users\15104\.m2\maven-repository\org\assertj\assertj-core\3.19.0\assertj-core-3.19.0.jar;C:\Users\15104\.m2\maven-repository\org\hamcrest\hamcrest\2.2\hamcrest-2.2.jar;C:\Users\15104\.m2\maven-repository\org\junit\jupiter\junit-jupiter\5.7.2\junit-jupiter-5.7.2.jar;C:\Users\15104\.m2\maven-repository\org\junit\jupiter\junit-jupiter-api\5.7.2\junit-jupiter-api-5.7.2.jar;C:\Users\15104\.m2\maven-repository\org\apiguardian\apiguardian-api\1.1.0\apiguardian-api-1.1.0.jar;C:\Users\15104\.m2\maven-repository\org\opentest4j\opentest4j\1.2.0\opentest4j-1.2.0.jar;C:\Users\15104\.m2\maven-repository\org\junit\platform\junit-platform-commons\1.7.2\junit-platform-commons-1.7.2.jar;C:\Users\15104\.m2\maven-repository\org\junit\jupiter\junit-jupiter-params\5.7.2\junit-jupiter-params-5.7.2.jar;C:\Users\15104\.m2\maven-repository\org\junit\jupiter\junit-jupiter-engine\5.7.2\junit-jupiter-engine-5.7.2.jar;C:\Users\15104\.m2\maven-repository\org\junit\platform\junit-platform-engine\1.7.2\junit-platform-engine-1.7.2.jar;C:\Users\15104\.m2\maven-repository\org\mockito\mockito-core\3.9.0\mockito-core-3.9.0.jar;C:\Users\15104\.m2\maven-repository\net\bytebuddy\byte-buddy\1.10.22\byte-buddy-1.10.22.jar;C:\Users\15104\.m2\maven-repository\net\bytebuddy\byte-buddy-agent\1.10.22\byte-buddy-agent-1.10.22.jar;C:\Users\15104\.m2\maven-repository\org\objenesis\objenesis\3.2\objenesis-3.2.jar;C:\Users\15104\.m2\maven-repository\org\mockito\mockito-junit-jupiter\3.9.0\mockito-junit-jupiter-3.9.0.jar;C:\Users\15104\.m2\maven-repository\org\skyscreamer\jsonassert\1.5.0\jsonassert-1.5.0.jar;C:\Users\15104\.m2\maven-repository\com\vaadin\external\google\android-json\0.0.20131108.vaadin1\android-json-0.0.20131108.vaadin1.jar;C:\Users\15104\.m2\maven-repository\org\springframework\spring-core\5.3.9\spring-core-5.3.9.jar;C:\Users\15104\.m2\maven-repository\org\springframework\spring-jcl\5.3.9\spring-jcl-5.3.9.jar;C:\Users\15104\.m2\maven-repository\org\springframework\spring-test\5.3.9\spring-test-5.3.9.jar;C:\Users\15104\.m2\maven-repository\org\xmlunit\xmlunit-core\2.8.2\xmlunit-core-2.8.2.jar;C:\Users\15104\.m2\maven-repository\com\baidubce\api-explorer-sdk\1.0.0\api-explorer-sdk-1.0.0.jar;C:\Users\15104\.m2\maven-repository\com\baidubce\bce-java-sdk\0.10.53\bce-java-sdk-0.10.53.jar;C:\Users\15104\.m2\maven-repository\org\apache\commons\commons-lang3\3.12.0\commons-lang3-3.12.0.jar;C:\Users\15104\.m2\maven-repository\org\slf4j\jcl-over-slf4j\1.7.32\jcl-over-slf4j-1.7.32.jar;C:\Users\15104\.m2\maven-repository\ch\qos\logback\logback-classic\1.2.4\logback-classic-1.2.4.jar;C:\Users\15104\.m2\maven-repository\ch\qos\logback\logback-core\1.2.4\logback-core-1.2.4.jar;C:\Users\15104\.m2\maven-repository\commons-io\commons-io\2.4\commons-io-2.4.jar;C:\Users\15104\.m2\maven-repository\com\google\guava\guava\17.0\guava-17.0.jar;C:\Users\15104\.m2\maven-repository\org\apache\httpcomponents\httpasyncclient\4.1.4\httpasyncclient-4.1.4.jar;C:\Users\15104\.m2\maven-repository\org\apache\httpcomponents\httpcore-nio\4.4.14\httpcore-nio-4.4.14.jar;C:\Users\15104\.m2\maven-repository\com\fasterxml\jackson\core\jackson-core\2.12.4\jackson-core-2.12.4.jar;C:\Users\15104\.m2\maven-repository\com\fasterxml\jackson\core\jackson-annotations\2.12.4\jackson-annotations-2.12.4.jar;C:\Users\15104\.m2\maven-repository\joda-time\joda-time\2.3\joda-time-2.3.jar;C:\Users\15104\.m2\maven-repository\org\eclipse\paho\org.eclipse.paho.client.mqttv3\1.2.0\org.eclipse.paho.client.mqttv3-1.2.0.jar;C:\Users\15104\.m2\maven-repository\org\springframework\spring-web\5.3.9\spring-web-5.3.9.jar;C:\Users\15104\.m2\maven-repository\org\springframework\spring-beans\5.3.9\spring-beans-5.3.9.jar;C:\Users\15104\.m2\maven-repository\org\apache\httpcomponents\httpclient\4.5.13\httpclient-4.5.13.jar;C:\Users\15104\.m2\maven-repository\org\apache\httpcomponents\httpcore\4.4.14\httpcore-4.4.14.jar;C:\Users\15104\.m2\maven-repository\commons-codec\commons-codec\1.15\commons-codec-1.15.jar;C:\Users\15104\.m2\maven-repository\org\projectlombok\lombok\1.18.20\lombok-1.18.20.jar;C:\Users\15104\.m2\maven-repository\org\webjars\jquery\3.4.1\jquery-3.4.1.jar;C:\Users\15104\.m2\maven-repository\org\webjars\webjars-locator\0.32\webjars-locator-0.32.jar;C:\Users\15104\.m2\maven-repository\org\webjars\webjars-locator-core\0.46\webjars-locator-core-0.46.jar;C:\Users\15104\.m2\maven-repository\io\github\classgraph\classgraph\4.8.69\classgraph-4.8.69.jar;C:\Users\15104\.m2\maven-repository\com\fasterxml\jackson\core\jackson-databind\2.12.4\jackson-databind-2.12.4.jar;C:\Users\15104\.m2\maven-repository\org\apache\tomcat\embed\tomcat-embed-jasper\9.0.50\tomcat-embed-jasper-9.0.50.jar;C:\Users\15104\.m2\maven-repository\org\apache\tomcat\embed\tomcat-embed-core\9.0.50\tomcat-embed-core-9.0.50.jar;C:\Users\15104\.m2\maven-repository\org\apache\tomcat\tomcat-annotations-api\9.0.50\tomcat-annotations-api-9.0.50.jar;C:\Users\15104\.m2\maven-repository\org\apache\tomcat\embed\tomcat-embed-el\9.0.50\tomcat-embed-el-9.0.50.jar;C:\Users\15104\.m2\maven-repository\org\eclipse\jdt\ecj\3.18.0\ecj-3.18.0.jar;C:\Users\15104\.m2\maven-repository\javax\servlet\jstl\1.2\jstl-1.2.jar;"/>
    <property name="java.vm.vendor" value="Oracle Corporation"/>
    <property name="sun.arch.data.model" value="64"/>
    <property name="user.variant" value=""/>
    <property name="java.vendor.url" value="http://java.oracle.com/"/>
    <property name="user.timezone" value="Asia/Shanghai"/>
    <property name="java.vm.specification.version" value="1.8"/>
    <property name="os.name" value="Windows 10"/>
    <property name="user.country" value="CN"/>
    <property name="sun.java.launcher" value="SUN_STANDARD"/>
    <property name="sun.boot.library.path" value="C:\Program Files\Java\jdk1.8.0_131\jre\bin"/>
    <property name="sun.java.command" value="C:\Users\15104\AppData\Local\Temp\surefire3366058646942932728\surefirebooter4088709372197722988.jar C:\Users\15104\AppData\Local\Temp\surefire3366058646942932728 2021-07-28T16-35-40_018-jvmRun1 surefire3601562064529159042tmp surefire_02625472770748953714tmp"/>
    <property name="surefire.test.class.path" value="D:\workSpace\weather\target\test-classes;D:\workSpace\weather\target\classes;C:\Users\15104\.m2\maven-repository\org\springframework\boot\spring-boot-starter-web\2.5.3\spring-boot-starter-web-2.5.3.jar;C:\Users\15104\.m2\maven-repository\org\springframework\boot\spring-boot-starter\2.5.3\spring-boot-starter-2.5.3.jar;C:\Users\15104\.m2\maven-repository\org\springframework\boot\spring-boot\2.5.3\spring-boot-2.5.3.jar;C:\Users\15104\.m2\maven-repository\org\springframework\boot\spring-boot-autoconfigure\2.5.3\spring-boot-autoconfigure-2.5.3.jar;C:\Users\15104\.m2\maven-repository\org\springframework\boot\spring-boot-starter-logging\2.5.3\spring-boot-starter-logging-2.5.3.jar;C:\Users\15104\.m2\maven-repository\org\apache\logging\log4j\log4j-to-slf4j\2.14.1\log4j-to-slf4j-2.14.1.jar;C:\Users\15104\.m2\maven-repository\org\apache\logging\log4j\log4j-api\2.14.1\log4j-api-2.14.1.jar;C:\Users\15104\.m2\maven-repository\org\slf4j\jul-to-slf4j\1.7.32\jul-to-slf4j-1.7.32.jar;C:\Users\15104\.m2\maven-repository\jakarta\annotation\jakarta.annotation-api\1.3.5\jakarta.annotation-api-1.3.5.jar;C:\Users\15104\.m2\maven-repository\org\yaml\snakeyaml\1.28\snakeyaml-1.28.jar;C:\Users\15104\.m2\maven-repository\org\springframework\boot\spring-boot-starter-json\2.5.3\spring-boot-starter-json-2.5.3.jar;C:\Users\15104\.m2\maven-repository\com\fasterxml\jackson\datatype\jackson-datatype-jdk8\2.12.4\jackson-datatype-jdk8-2.12.4.jar;C:\Users\15104\.m2\maven-repository\com\fasterxml\jackson\datatype\jackson-datatype-jsr310\2.12.4\jackson-datatype-jsr310-2.12.4.jar;C:\Users\15104\.m2\maven-repository\com\fasterxml\jackson\module\jackson-module-parameter-names\2.12.4\jackson-module-parameter-names-2.12.4.jar;C:\Users\15104\.m2\maven-repository\org\springframework\boot\spring-boot-starter-tomcat\2.5.3\spring-boot-starter-tomcat-2.5.3.jar;C:\Users\15104\.m2\maven-repository\org\apache\tomcat\embed\tomcat-embed-websocket\9.0.50\tomcat-embed-websocket-9.0.50.jar;C:\Users\15104\.m2\maven-repository\org\springframework\spring-webmvc\5.3.9\spring-webmvc-5.3.9.jar;C:\Users\15104\.m2\maven-repository\org\springframework\spring-aop\5.3.9\spring-aop-5.3.9.jar;C:\Users\15104\.m2\maven-repository\org\springframework\spring-context\5.3.9\spring-context-5.3.9.jar;C:\Users\15104\.m2\maven-repository\org\springframework\spring-expression\5.3.9\spring-expression-5.3.9.jar;C:\Users\15104\.m2\maven-repository\org\springframework\boot\spring-boot-starter-test\2.5.3\spring-boot-starter-test-2.5.3.jar;C:\Users\15104\.m2\maven-repository\org\springframework\boot\spring-boot-test\2.5.3\spring-boot-test-2.5.3.jar;C:\Users\15104\.m2\maven-repository\org\springframework\boot\spring-boot-test-autoconfigure\2.5.3\spring-boot-test-autoconfigure-2.5.3.jar;C:\Users\15104\.m2\maven-repository\com\jayway\jsonpath\json-path\2.5.0\json-path-2.5.0.jar;C:\Users\15104\.m2\maven-repository\net\minidev\json-smart\2.4.7\json-smart-2.4.7.jar;C:\Users\15104\.m2\maven-repository\net\minidev\accessors-smart\2.4.7\accessors-smart-2.4.7.jar;C:\Users\15104\.m2\maven-repository\org\ow2\asm\asm\9.1\asm-9.1.jar;C:\Users\15104\.m2\maven-repository\org\slf4j\slf4j-api\1.7.32\slf4j-api-1.7.32.jar;C:\Users\15104\.m2\maven-repository\jakarta\xml\bind\jakarta.xml.bind-api\2.3.3\jakarta.xml.bind-api-2.3.3.jar;C:\Users\15104\.m2\maven-repository\jakarta\activation\jakarta.activation-api\1.2.2\jakarta.activation-api-1.2.2.jar;C:\Users\15104\.m2\maven-repository\org\assertj\assertj-core\3.19.0\assertj-core-3.19.0.jar;C:\Users\15104\.m2\maven-repository\org\hamcrest\hamcrest\2.2\hamcrest-2.2.jar;C:\Users\15104\.m2\maven-repository\org\junit\jupiter\junit-jupiter\5.7.2\junit-jupiter-5.7.2.jar;C:\Users\15104\.m2\maven-repository\org\junit\jupiter\junit-jupiter-api\5.7.2\junit-jupiter-api-5.7.2.jar;C:\Users\15104\.m2\maven-repository\org\apiguardian\apiguardian-api\1.1.0\apiguardian-api-1.1.0.jar;C:\Users\15104\.m2\maven-repository\org\opentest4j\opentest4j\1.2.0\opentest4j-1.2.0.jar;C:\Users\15104\.m2\maven-repository\org\junit\platform\junit-platform-commons\1.7.2\junit-platform-commons-1.7.2.jar;C:\Users\15104\.m2\maven-repository\org\junit\jupiter\junit-jupiter-params\5.7.2\junit-jupiter-params-5.7.2.jar;C:\Users\15104\.m2\maven-repository\org\junit\jupiter\junit-jupiter-engine\5.7.2\junit-jupiter-engine-5.7.2.jar;C:\Users\15104\.m2\maven-repository\org\junit\platform\junit-platform-engine\1.7.2\junit-platform-engine-1.7.2.jar;C:\Users\15104\.m2\maven-repository\org\mockito\mockito-core\3.9.0\mockito-core-3.9.0.jar;C:\Users\15104\.m2\maven-repository\net\bytebuddy\byte-buddy\1.10.22\byte-buddy-1.10.22.jar;C:\Users\15104\.m2\maven-repository\net\bytebuddy\byte-buddy-agent\1.10.22\byte-buddy-agent-1.10.22.jar;C:\Users\15104\.m2\maven-repository\org\objenesis\objenesis\3.2\objenesis-3.2.jar;C:\Users\15104\.m2\maven-repository\org\mockito\mockito-junit-jupiter\3.9.0\mockito-junit-jupiter-3.9.0.jar;C:\Users\15104\.m2\maven-repository\org\skyscreamer\jsonassert\1.5.0\jsonassert-1.5.0.jar;C:\Users\15104\.m2\maven-repository\com\vaadin\external\google\android-json\0.0.20131108.vaadin1\android-json-0.0.20131108.vaadin1.jar;C:\Users\15104\.m2\maven-repository\org\springframework\spring-core\5.3.9\spring-core-5.3.9.jar;C:\Users\15104\.m2\maven-repository\org\springframework\spring-jcl\5.3.9\spring-jcl-5.3.9.jar;C:\Users\15104\.m2\maven-repository\org\springframework\spring-test\5.3.9\spring-test-5.3.9.jar;C:\Users\15104\.m2\maven-repository\org\xmlunit\xmlunit-core\2.8.2\xmlunit-core-2.8.2.jar;C:\Users\15104\.m2\maven-repository\com\baidubce\api-explorer-sdk\1.0.0\api-explorer-sdk-1.0.0.jar;C:\Users\15104\.m2\maven-repository\com\baidubce\bce-java-sdk\0.10.53\bce-java-sdk-0.10.53.jar;C:\Users\15104\.m2\maven-repository\org\apache\commons\commons-lang3\3.12.0\commons-lang3-3.12.0.jar;C:\Users\15104\.m2\maven-repository\org\slf4j\jcl-over-slf4j\1.7.32\jcl-over-slf4j-1.7.32.jar;C:\Users\15104\.m2\maven-repository\ch\qos\logback\logback-classic\1.2.4\logback-classic-1.2.4.jar;C:\Users\15104\.m2\maven-repository\ch\qos\logback\logback-core\1.2.4\logback-core-1.2.4.jar;C:\Users\15104\.m2\maven-repository\commons-io\commons-io\2.4\commons-io-2.4.jar;C:\Users\15104\.m2\maven-repository\com\google\guava\guava\17.0\guava-17.0.jar;C:\Users\15104\.m2\maven-repository\org\apache\httpcomponents\httpasyncclient\4.1.4\httpasyncclient-4.1.4.jar;C:\Users\15104\.m2\maven-repository\org\apache\httpcomponents\httpcore-nio\4.4.14\httpcore-nio-4.4.14.jar;C:\Users\15104\.m2\maven-repository\com\fasterxml\jackson\core\jackson-core\2.12.4\jackson-core-2.12.4.jar;C:\Users\15104\.m2\maven-repository\com\fasterxml\jackson\core\jackson-annotations\2.12.4\jackson-annotations-2.12.4.jar;C:\Users\15104\.m2\maven-repository\joda-time\joda-time\2.3\joda-time-2.3.jar;C:\Users\15104\.m2\maven-repository\org\eclipse\paho\org.eclipse.paho.client.mqttv3\1.2.0\org.eclipse.paho.client.mqttv3-1.2.0.jar;C:\Users\15104\.m2\maven-repository\org\springframework\spring-web\5.3.9\spring-web-5.3.9.jar;C:\Users\15104\.m2\maven-repository\org\springframework\spring-beans\5.3.9\spring-beans-5.3.9.jar;C:\Users\15104\.m2\maven-repository\org\apache\httpcomponents\httpclient\4.5.13\httpclient-4.5.13.jar;C:\Users\15104\.m2\maven-repository\org\apache\httpcomponents\httpcore\4.4.14\httpcore-4.4.14.jar;C:\Users\15104\.m2\maven-repository\commons-codec\commons-codec\1.15\commons-codec-1.15.jar;C:\Users\15104\.m2\maven-repository\org\projectlombok\lombok\1.18.20\lombok-1.18.20.jar;C:\Users\15104\.m2\maven-repository\org\webjars\jquery\3.4.1\jquery-3.4.1.jar;C:\Users\15104\.m2\maven-repository\org\webjars\webjars-locator\0.32\webjars-locator-0.32.jar;C:\Users\15104\.m2\maven-repository\org\webjars\webjars-locator-core\0.46\webjars-locator-core-0.46.jar;C:\Users\15104\.m2\maven-repository\io\github\classgraph\classgraph\4.8.69\classgraph-4.8.69.jar;C:\Users\15104\.m2\maven-repository\com\fasterxml\jackson\core\jackson-databind\2.12.4\jackson-databind-2.12.4.jar;C:\Users\15104\.m2\maven-repository\org\apache\tomcat\embed\tomcat-embed-jasper\9.0.50\tomcat-embed-jasper-9.0.50.jar;C:\Users\15104\.m2\maven-repository\org\apache\tomcat\embed\tomcat-embed-core\9.0.50\tomcat-embed-core-9.0.50.jar;C:\Users\15104\.m2\maven-repository\org\apache\tomcat\tomcat-annotations-api\9.0.50\tomcat-annotations-api-9.0.50.jar;C:\Users\15104\.m2\maven-repository\org\apache\tomcat\embed\tomcat-embed-el\9.0.50\tomcat-embed-el-9.0.50.jar;C:\Users\15104\.m2\maven-repository\org\eclipse\jdt\ecj\3.18.0\ecj-3.18.0.jar;C:\Users\15104\.m2\maven-repository\javax\servlet\jstl\1.2\jstl-1.2.jar;"/>
    <property name="sun.cpu.endian" value="little"/>
    <property name="user.home" value="C:\Users\15104"/>
    <property name="user.language" value="zh"/>
    <property name="java.specification.vendor" value="Oracle Corporation"/>
    <property name="java.home" value="C:\Program Files\Java\jdk1.8.0_131\jre"/>
    <property name="basedir" value="D:\workSpace\weather"/>
    <property name="file.separator" value="\"/>
    <property name="line.separator" value="&#10;"/>
    <property name="java.vm.specification.vendor" value="Oracle Corporation"/>
    <property name="java.specification.name" value="Java Platform API Specification"/>
    <property name="java.awt.graphicsenv" value="sun.awt.Win32GraphicsEnvironment"/>
    <property name="surefire.real.class.path" value="C:\Users\15104\AppData\Local\Temp\surefire3366058646942932728\surefirebooter4088709372197722988.jar"/>
    <property name="sun.boot.class.path" value="C:\Program Files\Java\jdk1.8.0_131\jre\lib\resources.jar;C:\Program Files\Java\jdk1.8.0_131\jre\lib\rt.jar;C:\Program Files\Java\jdk1.8.0_131\jre\lib\sunrsasign.jar;C:\Program Files\Java\jdk1.8.0_131\jre\lib\jsse.jar;C:\Program Files\Java\jdk1.8.0_131\jre\lib\jce.jar;C:\Program Files\Java\jdk1.8.0_131\jre\lib\charsets.jar;C:\Program Files\Java\jdk1.8.0_131\jre\lib\jfr.jar;C:\Program Files\Java\jdk1.8.0_131\jre\classes"/>
    <property name="user.script" value=""/>
    <property name="sun.management.compiler" value="HotSpot 64-Bit Tiered Compilers"/>
    <property name="java.runtime.version" value="1.8.0_131-b11"/>
    <property name="user.name" value="15104"/>
    <property name="path.separator" value=";"/>
    <property name="os.version" value="10.0"/>
    <property name="java.endorsed.dirs" value="C:\Program Files\Java\jdk1.8.0_131\jre\lib\endorsed"/>
    <property name="java.runtime.name" value="Java(TM) SE Runtime Environment"/>
    <property name="file.encoding" value="GBK"/>
    <property name="java.vm.name" value="Java HotSpot(TM) 64-Bit Server VM"/>
    <property name="localRepository" value="C:\Users\15104\.m2\maven-repository"/>
    <property name="java.vendor.url.bug" value="http://bugreport.sun.com/bugreport/"/>
    <property name="java.io.tmpdir" value="C:\Users\15104\AppData\Local\Temp\"/>
    <property name="idea.version" value="2018.3.1"/>
    <property name="java.version" value="1.8.0_131"/>
    <property name="user.dir" value="D:\workSpace\weather"/>
    <property name="os.arch" value="amd64"/>
    <property name="java.vm.specification.name" value="Java Virtual Machine Specification"/>
    <property name="java.awt.printerjob" value="sun.awt.windows.WPrinterJob"/>
    <property name="sun.os.patch.level" value=""/>
    <property name="java.library.path" value="C:\Program Files\Java\jdk1.8.0_131\jre\bin;C:\WINDOWS\Sun\Java\bin;C:\WINDOWS\system32;C:\WINDOWS;C:\ProgramData\Oracle\Java\javapath;C:\Windows\system32;C:\Windows;C:\Windows\System32\Wbem;C:\Windows\System32\WindowsPowerShell\v1.0\;C:\Windows\System32\OpenSSH\;C:\Program Files (x86)\Intel\Intel(R) Management Engine Components\DAL;C:\Program Files\Intel\Intel(R) Management Engine Components\DAL;C:\Program Files\Intel\WiFi\bin\;C:\Program Files\Common Files\Intel\WirelessCommon\;C:\Program Files (x86)\NVIDIA Corporation\PhysX\Common;C:\Program Files\NVIDIA Corporation\NVIDIA NvDLISR;C:\Program Files\nodejs\;C:\Program Files\Git\cmd;F:\springbootWorkSpace\apache-maven-3.6.1-bin (1)\apache-maven-3.6.1\bin;F:\soft\gradle\gradle-4.9\bin;C:\WINDOWS\system32;C:\WINDOWS;C:\WINDOWS\System32\Wbem;C:\WINDOWS\System32\WindowsPowerShell\v1.0\;C:\WINDOWS\System32\OpenSSH\;D:\SoftWare\rabbitMq\erl-23.3\bin;D:\SoftWare\rabbitMq\RabbitMQ Server\rabbitmq_server-3.8.16\sbin;C:\Program Files (x86)\NetSarang\Xshell 7\;C:\Users\15104\AppData\Local\Microsoft\WindowsApps;C:\Users\15104\AppData\Roaming\npm;;C:\Users\15104\AppData\Local\Programs\Microsoft VS Code\bin;."/>
    <property name="java.vm.info" value="mixed mode"/>
    <property name="java.vendor" value="Oracle Corporation"/>
    <property name="java.vm.version" value="25.131-b11"/>
    <property name="java.ext.dirs" value="C:\Program Files\Java\jdk1.8.0_131\jre\lib\ext;C:\WINDOWS\Sun\Java\lib\ext"/>
    <property name="sun.io.unicode.encoding" value="UnicodeLittle"/>
    <property name="maven.repo.local" value="C:\Users\15104\.m2\maven-repository"/>
    <property name="java.class.version" value="52.0"/>
  </properties>
  <testcase name="contextLoads" classname="com.pactera.weather.WeatherApplicationTests" time="0.585"/>
</testsuite>